<?xml version="1.0" ?>
<!DOCTYPE coverage SYSTEM "http://cobertura.sourceforge.net/xml/coverage-04.dtd">
<coverage lines-valid="298" lines-covered="247" line-rate="0.8289" branches-valid="139" branches-covered="94" branch-rate="0.6762999999999999" timestamp="1667305782241" complexity="0" version="0.1">
  <sources>
    <source>/Users/imransyed/Downloads/projects/oct2022/nov2022/paws-collector</source>
  </sources>
  <packages>
    <class name="paws_collector.js" filename="paws_collector.js" line-rate="0.8234999999999999" branch-rate="0.6591">
      <methods>
        <method name="getPawsParamStoreParam" hits="30" signature="()V">
          <lines>
            <line number="44" hits="30"/>
          </lines>
        </method>
        <method name="(anonymous_1)" hits="30" signature="()V">
          <lines>
            <line number="45" hits="30"/>
          </lines>
        </method>
        <method name="(anonymous_2)" hits="29" signature="()V">
          <lines>
            <line number="57" hits="29"/>
          </lines>
        </method>
        <method name="getDecryptedPawsCredentials" hits="30" signature="()V">
          <lines>
            <line number="76" hits="30"/>
          </lines>
        </method>
        <method name="(anonymous_4)" hits="30" signature="()V">
          <lines>
            <line number="77" hits="30"/>
          </lines>
        </method>
        <method name="(anonymous_5)" hits="1" signature="()V">
          <lines>
            <line number="91" hits="1"/>
          </lines>
        </method>
        <method name="(anonymous_6)" hits="30" signature="()V">
          <lines>
            <line number="110" hits="30"/>
          </lines>
        </method>
        <method name="(anonymous_7)" hits="30" signature="()V">
          <lines>
            <line number="111" hits="30"/>
          </lines>
        </method>
        <method name="(anonymous_8)" hits="30" signature="()V">
          <lines>
            <line number="115" hits="30"/>
          </lines>
        </method>
        <method name="(anonymous_9)" hits="0" signature="()V">
          <lines>
            <line number="120" hits="0"/>
          </lines>
        </method>
        <method name="(anonymous_10)" hits="27" signature="()V">
          <lines>
            <line number="127" hits="27"/>
          </lines>
        </method>
        <method name="(anonymous_11)" hits="0" signature="()V">
          <lines>
            <line number="150" hits="0"/>
          </lines>
        </method>
        <method name="(anonymous_12)" hits="0" signature="()V">
          <lines>
            <line number="154" hits="0"/>
          </lines>
        </method>
        <method name="(anonymous_13)" hits="0" signature="()V">
          <lines>
            <line number="158" hits="0"/>
          </lines>
        </method>
        <method name="(anonymous_14)" hits="18" signature="()V">
          <lines>
            <line number="162" hits="18"/>
          </lines>
        </method>
        <method name="(anonymous_15)" hits="0" signature="()V">
          <lines>
            <line number="166" hits="0"/>
          </lines>
        </method>
        <method name="(anonymous_16)" hits="0" signature="()V">
          <lines>
            <line number="170" hits="0"/>
          </lines>
        </method>
        <method name="(anonymous_17)" hits="0" signature="()V">
          <lines>
            <line number="174" hits="0"/>
          </lines>
        </method>
        <method name="(anonymous_18)" hits="11" signature="()V">
          <lines>
            <line number="178" hits="11"/>
          </lines>
        </method>
        <method name="(anonymous_19)" hits="9" signature="()V">
          <lines>
            <line number="188" hits="9"/>
          </lines>
        </method>
        <method name="(anonymous_20)" hits="2" signature="()V">
          <lines>
            <line number="207" hits="2"/>
          </lines>
        </method>
        <method name="(anonymous_21)" hits="5" signature="()V">
          <lines>
            <line number="216" hits="5"/>
          </lines>
        </method>
        <method name="(anonymous_22)" hits="1" signature="()V">
          <lines>
            <line number="220" hits="1"/>
          </lines>
        </method>
        <method name="(anonymous_23)" hits="1" signature="()V">
          <lines>
            <line number="221" hits="1"/>
          </lines>
        </method>
        <method name="(anonymous_24)" hits="1" signature="()V">
          <lines>
            <line number="227" hits="1"/>
          </lines>
        </method>
        <method name="(anonymous_25)" hits="1" signature="()V">
          <lines>
            <line number="236" hits="1"/>
          </lines>
        </method>
        <method name="(anonymous_26)" hits="1" signature="()V">
          <lines>
            <line number="237" hits="1"/>
          </lines>
        </method>
        <method name="(anonymous_27)" hits="1" signature="()V">
          <lines>
            <line number="246" hits="1"/>
          </lines>
        </method>
        <method name="(anonymous_28)" hits="0" signature="()V">
          <lines>
            <line number="250" hits="0"/>
          </lines>
        </method>
        <method name="(anonymous_29)" hits="1" signature="()V">
          <lines>
            <line number="257" hits="1"/>
          </lines>
        </method>
        <method name="(anonymous_30)" hits="1" signature="()V">
          <lines>
            <line number="260" hits="1"/>
          </lines>
        </method>
        <method name="(anonymous_31)" hits="1" signature="()V">
          <lines>
            <line number="272" hits="1"/>
          </lines>
        </method>
        <method name="(anonymous_32)" hits="1" signature="()V">
          <lines>
            <line number="276" hits="1"/>
          </lines>
        </method>
        <method name="(anonymous_33)" hits="0" signature="()V">
          <lines>
            <line number="279" hits="0"/>
          </lines>
        </method>
        <method name="(anonymous_34)" hits="0" signature="()V">
          <lines>
            <line number="282" hits="0"/>
          </lines>
        </method>
        <method name="(anonymous_35)" hits="0" signature="()V">
          <lines>
            <line number="289" hits="0"/>
          </lines>
        </method>
        <method name="(anonymous_36)" hits="0" signature="()V">
          <lines>
            <line number="294" hits="0"/>
          </lines>
        </method>
        <method name="(anonymous_37)" hits="12" signature="()V">
          <lines>
            <line number="303" hits="12"/>
          </lines>
        </method>
        <method name="(anonymous_38)" hits="11" signature="()V">
          <lines>
            <line number="319" hits="11"/>
          </lines>
        </method>
        <method name="(anonymous_39)" hits="11" signature="()V">
          <lines>
            <line number="334" hits="11"/>
          </lines>
        </method>
        <method name="(anonymous_40)" hits="9" signature="()V">
          <lines>
            <line number="363" hits="9"/>
          </lines>
        </method>
        <method name="(anonymous_41)" hits="0" signature="()V">
          <lines>
            <line number="372" hits="0"/>
          </lines>
        </method>
        <method name="(anonymous_42)" hits="9" signature="()V">
          <lines>
            <line number="378" hits="9"/>
          </lines>
        </method>
        <method name="(anonymous_43)" hits="9" signature="()V">
          <lines>
            <line number="403" hits="9"/>
          </lines>
        </method>
        <method name="(anonymous_44)" hits="11" signature="()V">
          <lines>
            <line number="412" hits="11"/>
          </lines>
        </method>
        <method name="(anonymous_45)" hits="11" signature="()V">
          <lines>
            <line number="418" hits="11"/>
          </lines>
        </method>
        <method name="(anonymous_46)" hits="11" signature="()V">
          <lines>
            <line number="425" hits="11"/>
          </lines>
        </method>
        <method name="(anonymous_47)" hits="9" signature="()V">
          <lines>
            <line number="428" hits="9"/>
          </lines>
        </method>
        <method name="(anonymous_48)" hits="9" signature="()V">
          <lines>
            <line number="429" hits="9"/>
          </lines>
        </method>
        <method name="(anonymous_49)" hits="4" signature="()V">
          <lines>
            <line number="431" hits="4"/>
          </lines>
        </method>
        <method name="(anonymous_50)" hits="5" signature="()V">
          <lines>
            <line number="439" hits="5"/>
          </lines>
        </method>
        <method name="(anonymous_51)" hits="5" signature="()V">
          <lines>
            <line number="443" hits="5"/>
          </lines>
        </method>
        <method name="(anonymous_52)" hits="0" signature="()V">
          <lines>
            <line number="452" hits="0"/>
          </lines>
        </method>
        <method name="(anonymous_53)" hits="5" signature="()V">
          <lines>
            <line number="459" hits="5"/>
          </lines>
        </method>
        <method name="(anonymous_54)" hits="11" signature="()V">
          <lines>
            <line number="464" hits="11"/>
          </lines>
        </method>
        <method name="(anonymous_55)" hits="9" signature="()V">
          <lines>
            <line number="474" hits="9"/>
          </lines>
        </method>
        <method name="(anonymous_56)" hits="4" signature="()V">
          <lines>
            <line number="482" hits="4"/>
          </lines>
        </method>
        <method name="(anonymous_57)" hits="4" signature="()V">
          <lines>
            <line number="484" hits="4"/>
          </lines>
        </method>
        <method name="(anonymous_58)" hits="4" signature="()V">
          <lines>
            <line number="504" hits="4"/>
          </lines>
        </method>
        <method name="(anonymous_59)" hits="1" signature="()V">
          <lines>
            <line number="513" hits="1"/>
          </lines>
        </method>
        <method name="(anonymous_60)" hits="5" signature="()V">
          <lines>
            <line number="528" hits="5"/>
          </lines>
        </method>
        <method name="(anonymous_61)" hits="7" signature="()V">
          <lines>
            <line number="536" hits="7"/>
          </lines>
        </method>
        <method name="(anonymous_62)" hits="7" signature="()V">
          <lines>
            <line number="537" hits="7"/>
          </lines>
        </method>
        <method name="(anonymous_63)" hits="7" signature="()V">
          <lines>
            <line number="538" hits="7"/>
          </lines>
        </method>
        <method name="(anonymous_64)" hits="5" signature="()V">
          <lines>
            <line number="549" hits="5"/>
          </lines>
        </method>
        <method name="(anonymous_65)" hits="0" signature="()V">
          <lines>
            <line number="551" hits="0"/>
          </lines>
        </method>
        <method name="(anonymous_66)" hits="0" signature="()V">
          <lines>
            <line number="552" hits="0"/>
          </lines>
        </method>
        <method name="(anonymous_67)" hits="1" signature="()V">
          <lines>
            <line number="558" hits="1"/>
          </lines>
        </method>
        <method name="(anonymous_68)" hits="1" signature="()V">
          <lines>
            <line number="590" hits="1"/>
          </lines>
        </method>
        <method name="(anonymous_69)" hits="5" signature="()V">
          <lines>
            <line number="628" hits="5"/>
          </lines>
        </method>
        <method name="(anonymous_70)" hits="1" signature="()V">
          <lines>
            <line number="656" hits="1"/>
          </lines>
        </method>
        <method name="(anonymous_71)" hits="10" signature="()V">
          <lines>
            <line number="688" hits="10"/>
          </lines>
        </method>
        <method name="(anonymous_72)" hits="2" signature="()V">
          <lines>
            <line number="696" hits="2"/>
          </lines>
        </method>
        <method name="(anonymous_73)" hits="170" signature="()V">
          <lines>
            <line number="700" hits="170"/>
          </lines>
        </method>
        <method name="(anonymous_74)" hits="18" signature="()V">
          <lines>
            <line number="717" hits="18"/>
          </lines>
        </method>
        <method name="(anonymous_75)" hits="18" signature="()V">
          <lines>
            <line number="718" hits="18"/>
          </lines>
        </method>
        <method name="(anonymous_76)" hits="2" signature="()V">
          <lines>
            <line number="728" hits="2"/>
          </lines>
        </method>
        <method name="(anonymous_77)" hits="0" signature="()V">
          <lines>
            <line number="730" hits="0"/>
          </lines>
        </method>
        <method name="(anonymous_78)" hits="8" signature="()V">
          <lines>
            <line number="735" hits="8"/>
          </lines>
        </method>
        <method name="(anonymous_79)" hits="0" signature="()V">
          <lines>
            <line number="755" hits="0"/>
          </lines>
        </method>
        <method name="(anonymous_80)" hits="0" signature="()V">
          <lines>
            <line number="757" hits="0"/>
          </lines>
        </method>
        <method name="(anonymous_81)" hits="1" signature="()V">
          <lines>
            <line number="771" hits="1"/>
          </lines>
        </method>
        <method name="(anonymous_82)" hits="1" signature="()V">
          <lines>
            <line number="782" hits="1"/>
          </lines>
        </method>
        <method name="(anonymous_83)" hits="1" signature="()V">
          <lines>
            <line number="793" hits="1"/>
          </lines>
        </method>
        <method name="(anonymous_84)" hits="1" signature="()V">
          <lines>
            <line number="801" hits="1"/>
          </lines>
        </method>
      </methods>
      <lines>
        <line number="13" hits="1" branch="false"/>
        <line number="14" hits="1" branch="false"/>
        <line number="15" hits="1" branch="false"/>
        <line number="16" hits="1" branch="false"/>
        <line number="17" hits="1" branch="false"/>
        <line number="18" hits="1" branch="false"/>
        <line number="20" hits="1" branch="false"/>
        <line number="21" hits="1" branch="false"/>
        <line number="22" hits="1" branch="false"/>
        <line number="23" hits="1" branch="false"/>
        <line number="24" hits="1" branch="false"/>
        <line number="26" hits="1" branch="false"/>
        <line number="27" hits="1" branch="false"/>
        <line number="28" hits="1" branch="false"/>
        <line number="29" hits="1" branch="false"/>
        <line number="31" hits="1" branch="false"/>
        <line number="32" hits="1" branch="false"/>
        <line number="33" hits="1" branch="false"/>
        <line number="34" hits="1" branch="false"/>
        <line number="35" hits="1" branch="false"/>
        <line number="36" hits="1" branch="false"/>
        <line number="37" hits="1" branch="false"/>
        <line number="38" hits="1" branch="false"/>
        <line number="42" hits="1" branch="false"/>
        <line number="43" hits="1" branch="false"/>
        <line number="45" hits="30" branch="false"/>
        <line number="46" hits="30" branch="true" condition-coverage="100% (4/4)"/>
        <line number="47" hits="1" branch="true" condition-coverage="50% (1/2)"/>
        <line number="48" hits="0" branch="false"/>
        <line number="50" hits="29" branch="false"/>
        <line number="51" hits="29" branch="false"/>
        <line number="54" hits="29" branch="true" condition-coverage="100% (2/2)"/>
        <line number="55" hits="27" branch="false"/>
        <line number="57" hits="29" branch="false"/>
        <line number="58" hits="29" branch="true" condition-coverage="50% (1/2)"/>
        <line number="59" hits="0" branch="false"/>
        <line number="61" hits="29" branch="false"/>
        <line number="62" hits="29" branch="false"/>
        <line number="63" hits="29" branch="true" condition-coverage="100% (2/2)"/>
        <line number="64" hits="27" branch="false"/>
        <line number="65" hits="27" branch="false"/>
        <line number="67" hits="2" branch="false"/>
        <line number="68" hits="2" branch="false"/>
        <line number="70" hits="29" branch="false"/>
        <line number="77" hits="30" branch="false"/>
        <line number="78" hits="30" branch="true" condition-coverage="100% (2/2)"/>
        <line number="79" hits="29" branch="false"/>
        <line number="80" hits="1" branch="true" condition-coverage="50% (1/2)"/>
        <line number="81" hits="0" branch="false"/>
        <line number="86" hits="0" branch="false"/>
        <line number="88" hits="1" branch="false"/>
        <line number="89" hits="1" branch="false"/>
        <line number="92" hits="1" branch="true" condition-coverage="50% (1/2)"/>
        <line number="93" hits="0" branch="false"/>
        <line number="95" hits="1" branch="false"/>
        <line number="101" hits="1" branch="false"/>
        <line number="111" hits="30" branch="false"/>
        <line number="113" hits="30" branch="false"/>
        <line number="115" hits="30" branch="false"/>
        <line number="121" hits="0" branch="true" condition-coverage="0% (0/4)"/>
        <line number="122" hits="0" branch="false"/>
        <line number="124" hits="0" branch="false"/>
        <line number="128" hits="27" branch="true" condition-coverage="50% (1/2)"/>
        <line number="129" hits="27" branch="false"/>
        <line number="131" hits="27" branch="true" condition-coverage="50% (1/2)"/>
        <line number="132" hits="27" branch="false"/>
        <line number="134" hits="27" branch="true" condition-coverage="50% (2/4)"/>
        <line number="135" hits="27" branch="false"/>
        <line number="140" hits="27" branch="false"/>
        <line number="141" hits="27" branch="false"/>
        <line number="142" hits="27" branch="false"/>
        <line number="143" hits="27" branch="false"/>
        <line number="144" hits="27" branch="false"/>
        <line number="145" hits="27" branch="false"/>
        <line number="146" hits="27" branch="false"/>
        <line number="147" hits="27" branch="false"/>
        <line number="151" hits="0" branch="false"/>
        <line number="155" hits="0" branch="false"/>
        <line number="159" hits="0" branch="false"/>
        <line number="163" hits="18" branch="false"/>
        <line number="167" hits="0" branch="false"/>
        <line number="171" hits="0" branch="false"/>
        <line number="175" hits="0" branch="false"/>
        <line number="181" hits="11" branch="true" condition-coverage="75% (3/4)"/>
        <line number="185" hits="11" branch="false"/>
        <line number="190" hits="9" branch="true" condition-coverage="50% (1/2)"/>
        <line number="191" hits="0" branch="false"/>
        <line number="194" hits="9" branch="false"/>
        <line number="200" hits="9" branch="false"/>
        <line number="208" hits="2" branch="false"/>
        <line number="209" hits="2" branch="false"/>
        <line number="213" hits="2" branch="false"/>
        <line number="217" hits="5" branch="false"/>
        <line number="221" hits="1" branch="false"/>
        <line number="222" hits="1" branch="false"/>
        <line number="223" hits="1" branch="false"/>
        <line number="227" hits="1" branch="false"/>
        <line number="228" hits="1" branch="true" condition-coverage="50% (1/2)"/>
        <line number="229" hits="0" branch="false"/>
        <line number="231" hits="1" branch="false"/>
        <line number="232" hits="1" branch="false"/>
        <line number="236" hits="1" branch="false"/>
        <line number="237" hits="1" branch="false"/>
        <line number="238" hits="1" branch="false"/>
        <line number="239" hits="1" branch="false"/>
        <line number="246" hits="1" branch="false"/>
        <line number="247" hits="1" branch="true" condition-coverage="50% (1/2)"/>
        <line number="248" hits="1" branch="false"/>
        <line number="251" hits="0" branch="false"/>
        <line number="252" hits="0" branch="false"/>
        <line number="258" hits="1" branch="false"/>
        <line number="259" hits="1" branch="false"/>
        <line number="260" hits="1" branch="false"/>
        <line number="261" hits="1" branch="true" condition-coverage="50% (1/2)"/>
        <line number="262" hits="0" branch="false"/>
        <line number="263" hits="0" branch="false"/>
        <line number="265" hits="1" branch="false"/>
        <line number="266" hits="1" branch="false"/>
        <line number="273" hits="1" branch="false"/>
        <line number="275" hits="1" branch="false"/>
        <line number="277" hits="1" branch="false"/>
        <line number="280" hits="0" branch="false"/>
        <line number="283" hits="0" branch="false"/>
        <line number="290" hits="0" branch="false"/>
        <line number="291" hits="0" branch="false"/>
        <line number="294" hits="0" branch="false"/>
        <line number="295" hits="0" branch="true" condition-coverage="0% (0/2)"/>
        <line number="296" hits="0" branch="false"/>
        <line number="298" hits="0" branch="false"/>
        <line number="299" hits="0" branch="false"/>
        <line number="304" hits="12" branch="false"/>
        <line number="305" hits="12" branch="true" condition-coverage="100% (2/2)"/>
        <line number="306" hits="11" branch="false"/>
        <line number="307" hits="11" branch="true" condition-coverage="50% (1/2)"/>
        <line number="308" hits="11" branch="false"/>
        <line number="310" hits="0" branch="false"/>
        <line number="313" hits="1" branch="false"/>
        <line number="320" hits="11" branch="false"/>
        <line number="321" hits="11" branch="false"/>
        <line number="323" hits="11" branch="false"/>
        <line number="332" hits="11" branch="false"/>
        <line number="334" hits="11" branch="false"/>
        <line number="336" hits="11" branch="true" condition-coverage="100% (2/2)"/>
        <line number="337" hits="2" branch="false"/>
        <line number="340" hits="2" branch="true" condition-coverage="100% (4/4)"/>
        <line number="341" hits="1" branch="false"/>
        <line number="342" hits="1" branch="false"/>
        <line number="343" hits="1" branch="true" condition-coverage="50% (1/2)"/>
        <line number="344" hits="1" branch="false"/>
        <line number="345" hits="1" branch="false"/>
        <line number="347" hits="0" branch="false"/>
        <line number="351" hits="9" branch="false"/>
        <line number="363" hits="9" branch="false"/>
        <line number="364" hits="9" branch="true" condition-coverage="50% (1/2)"/>
        <line number="365" hits="0" branch="false"/>
        <line number="367" hits="9" branch="false"/>
        <line number="373" hits="0" branch="false"/>
        <line number="374" hits="0" branch="false"/>
        <line number="379" hits="9" branch="false"/>
        <line number="380" hits="9" branch="false"/>
        <line number="382" hits="9" branch="false"/>
        <line number="403" hits="9" branch="false"/>
        <line number="404" hits="9" branch="true" condition-coverage="50% (1/2)"/>
        <line number="405" hits="0" branch="false"/>
        <line number="407" hits="9" branch="false"/>
        <line number="413" hits="11" branch="false"/>
        <line number="415" hits="11" branch="false"/>
        <line number="416" hits="11" branch="false"/>
        <line number="417" hits="11" branch="false"/>
        <line number="419" hits="11" branch="true" condition-coverage="50% (1/2)"/>
        <line number="420" hits="0" branch="false"/>
        <line number="422" hits="11" branch="false"/>
        <line number="426" hits="11" branch="false"/>
        <line number="429" hits="9" branch="false"/>
        <line number="430" hits="9" branch="true" condition-coverage="100% (2/2)"/>
        <line number="431" hits="4" branch="false"/>
        <line number="432" hits="4" branch="false"/>
        <line number="435" hits="5" branch="false"/>
        <line number="440" hits="5" branch="false"/>
        <line number="441" hits="5" branch="false"/>
        <line number="446" hits="5" branch="true" condition-coverage="50% (1/2)"/>
        <line number="451" hits="5" branch="true" condition-coverage="50% (1/2)"/>
        <line number="452" hits="0" branch="false"/>
        <line number="453" hits="0" branch="false"/>
        <line number="456" hits="5" branch="false"/>
        <line number="461" hits="5" branch="false"/>
        <line number="462" hits="5" branch="false"/>
        <line number="465" hits="11" branch="true" condition-coverage="100% (4/4)"/>
        <line number="468" hits="1" branch="false"/>
        <line number="469" hits="10" branch="true" condition-coverage="100% (4/4)"/>
        <line number="471" hits="1" branch="false"/>
        <line number="473" hits="9" branch="true" condition-coverage="100% (2/2)"/>
        <line number="474" hits="9" branch="false"/>
        <line number="475" hits="9" branch="true" condition-coverage="100% (2/2)"/>
        <line number="481" hits="4" branch="true" condition-coverage="100% (4/4)"/>
        <line number="482" hits="4" branch="false"/>
        <line number="483" hits="4" branch="true" condition-coverage="50% (1/2)"/>
        <line number="484" hits="4" branch="false"/>
        <line number="485" hits="4" branch="false"/>
        <line number="486" hits="4" branch="false"/>
        <line number="489" hits="0" branch="false"/>
        <line number="493" hits="5" branch="false"/>
        <line number="499" hits="0" branch="false"/>
        <line number="500" hits="0" branch="false"/>
        <line number="505" hits="4" branch="true" condition-coverage="75% (3/4)"/>
        <line number="508" hits="4" branch="false"/>
        <line number="509" hits="4" branch="false"/>
        <line number="512" hits="4" branch="true" condition-coverage="100% (2/2)"/>
        <line number="513" hits="1" branch="false"/>
        <line number="514" hits="1" branch="false"/>
        <line number="517" hits="3" branch="false"/>
        <line number="529" hits="5" branch="false"/>
        <line number="530" hits="5" branch="false"/>
        <line number="531" hits="5" branch="false"/>
        <line number="532" hits="5" branch="false"/>
        <line number="533" hits="7" branch="false"/>
        <line number="536" hits="5" branch="false"/>
        <line number="537" hits="7" branch="false"/>
        <line number="538" hits="7" branch="false"/>
        <line number="539" hits="7" branch="true" condition-coverage="50% (1/2)"/>
        <line number="540" hits="0" branch="false"/>
        <line number="543" hits="7" branch="false"/>
        <line number="549" hits="5" branch="false"/>
        <line number="550" hits="5" branch="false"/>
        <line number="552" hits="0" branch="false"/>
        <line number="553" hits="0" branch="false"/>
        <line number="560" hits="1" branch="false"/>
        <line number="561" hits="1" branch="false"/>
        <line number="582" hits="1" branch="false"/>
        <line number="583" hits="1" branch="false"/>
        <line number="591" hits="1" branch="false"/>
        <line number="592" hits="1" branch="false"/>
        <line number="613" hits="1" branch="false"/>
        <line number="614" hits="1" branch="true" condition-coverage="75% (3/4)"/>
        <line number="615" hits="1" branch="false"/>
        <line number="616" hits="0" branch="true" condition-coverage="0% (0/4)"/>
        <line number="617" hits="0" branch="false"/>
        <line number="619" hits="1" branch="false"/>
        <line number="620" hits="1" branch="false"/>
        <line number="629" hits="5" branch="false"/>
        <line number="630" hits="5" branch="false"/>
        <line number="651" hits="5" branch="true" condition-coverage="100% (4/4)"/>
        <line number="652" hits="5" branch="false"/>
        <line number="653" hits="5" branch="false"/>
        <line number="657" hits="1" branch="false"/>
        <line number="658" hits="1" branch="false"/>
        <line number="659" hits="1" branch="false"/>
        <line number="660" hits="1" branch="false"/>
        <line number="662" hits="1" branch="false"/>
        <line number="663" hits="1" branch="false"/>
        <line number="684" hits="1" branch="false"/>
        <line number="685" hits="1" branch="false"/>
        <line number="689" hits="10" branch="true" condition-coverage="100% (2/2)"/>
        <line number="690" hits="2" branch="false"/>
        <line number="692" hits="8" branch="false"/>
        <line number="697" hits="2" branch="false"/>
        <line number="698" hits="2" branch="false"/>
        <line number="699" hits="2" branch="true" condition-coverage="100% (2/2)"/>
        <line number="700" hits="2" branch="false"/>
        <line number="701" hits="170" branch="false"/>
        <line number="702" hits="170" branch="false"/>
        <line number="703" hits="170" branch="false"/>
        <line number="710" hits="2" branch="false"/>
        <line number="711" hits="2" branch="false"/>
        <line number="712" hits="2" branch="false"/>
        <line number="713" hits="18" branch="false"/>
        <line number="717" hits="18" branch="false"/>
        <line number="718" hits="18" branch="false"/>
        <line number="719" hits="18" branch="true" condition-coverage="50% (1/2)"/>
        <line number="720" hits="18" branch="false"/>
        <line number="723" hits="18" branch="false"/>
        <line number="727" hits="2" branch="false"/>
        <line number="729" hits="2" branch="false"/>
        <line number="731" hits="0" branch="false"/>
        <line number="736" hits="8" branch="false"/>
        <line number="737" hits="8" branch="false"/>
        <line number="738" hits="8" branch="true" condition-coverage="50% (1/2)"/>
        <line number="739" hits="8" branch="false"/>
        <line number="741" hits="8" branch="false"/>
        <line number="747" hits="8" branch="false"/>
        <line number="756" hits="0" branch="false"/>
        <line number="757" hits="0" branch="false"/>
        <line number="758" hits="0" branch="true" condition-coverage="0% (0/2)"/>
        <line number="759" hits="0" branch="false"/>
        <line number="772" hits="1" branch="false"/>
        <line number="783" hits="1" branch="false"/>
        <line number="794" hits="1" branch="false"/>
        <line number="802" hits="1" branch="false"/>
        <line number="807" hits="1" branch="false"/>
      </lines>
    </class>
    <class name="paws_health_checks.js" filename="paws_health_checks.js" line-rate="1" branch-rate="1">
      <methods>
        <method name="customHealthCheck" hits="2" signature="()V">
          <lines>
            <line number="20" hits="2"/>
          </lines>
        </method>
        <method name="(anonymous_1)" hits="2" signature="()V">
          <lines>
            <line number="28" hits="2"/>
          </lines>
        </method>
      </methods>
      <lines>
        <line number="12" hits="1" branch="false"/>
        <line number="13" hits="1" branch="false"/>
        <line number="22" hits="2" branch="false"/>
        <line number="27" hits="2" branch="false"/>
        <line number="29" hits="2" branch="true" condition-coverage="100% (5/5)"/>
        <line number="30" hits="2" branch="true" condition-coverage="100% (2/2)"/>
        <line number="31" hits="1" branch="false"/>
        <line number="33" hits="1" branch="false"/>
        <line number="38" hits="1" branch="false"/>
      </lines>
    </class>
  </packages>
</coverage>
